c:\users\u1137972\source\repos\shaderdev_01\shaderdev_01\debug\vc141.pdb
c:\users\u1137972\source\repos\shaderdev_01\shaderdev_01\debug\vc141.idb
c:\users\u1137972\source\repos\shaderdev_01\shaderdev_01\debug\meglwindow.obj
c:\users\u1137972\source\repos\shaderdev_01\shaderdev_01\debug\mainer.obj
c:\users\u1137972\source\repos\shaderdev_01\shaderdev_01\debug\meshadercode.obj
c:\users\u1137972\source\repos\shaderdev_01\shaderdev_01\debug\shapegenerator.obj
c:\users\u1137972\source\repos\shaderdev_01\shaderdev_01\debug\mewidget.obj
c:\users\u1137972\source\repos\shaderdev_01\shaderdev_01\debug\mecamera.obj
c:\users\u1137972\source\repos\shaderdev_01\debug\shaderdev_01.exe
c:\users\u1137972\source\repos\shaderdev_01\debug\shaderdev_01.ilk
c:\users\u1137972\source\repos\shaderdev_01\debug\shaderdev_01.pdb
c:\users\u1137972\source\repos\shaderdev_01\shaderdev_01\debug\meglwindow.obj.enc
c:\users\u1137972\source\repos\shaderdev_01\shaderdev_01\debug\shaderdev_01.tlog\cl.command.1.tlog
c:\users\u1137972\source\repos\shaderdev_01\shaderdev_01\debug\shaderdev_01.tlog\cl.read.1.tlog
c:\users\u1137972\source\repos\shaderdev_01\shaderdev_01\debug\shaderdev_01.tlog\cl.write.1.tlog
c:\users\u1137972\source\repos\shaderdev_01\shaderdev_01\debug\shaderdev_01.tlog\link.10272.read.1.tlog
c:\users\u1137972\source\repos\shaderdev_01\shaderdev_01\debug\shaderdev_01.tlog\link.10272.write.1.tlog
c:\users\u1137972\source\repos\shaderdev_01\shaderdev_01\debug\shaderdev_01.tlog\link.command.1.tlog
c:\users\u1137972\source\repos\shaderdev_01\shaderdev_01\debug\shaderdev_01.tlog\link.read.1.tlog
c:\users\u1137972\source\repos\shaderdev_01\shaderdev_01\debug\shaderdev_01.tlog\link.write.1.tlog
